<?xml version="1.0" encoding="UTF-8"?>
<!-- Generated by org.testng.reporters.JUnitReportReporter -->
<testsuite hostname="DESKTOP-DNAIBMJ" failures="0" tests="1" name="SDET.HashMapBody" time="2.705" errors="0" timestamp="2023-07-31T06:51:26 IST" skipped="0">
  <testcase classname="SDET.HashMapBody" name="createDataOrgJson" time="2.705"/>
  <system-out/>
</testsuite> <!-- SDET.HashMapBody -->
